<?xml version="1.0" encoding="UTF-8" ?><testsuite errors="0" name="jasmine.specs" tests="1" failures="0" skipped="0" hostname="localhost" time="0.0" timestamp="2016-12-22T14:54:40"><testcase classname="jasmine" name="Hello world says hello" time="0.0" failure="false"/></testsuite>